0 verbose cli C:\Program Files\nodejs\node.exe C:\Users\Yoho_Lap_4\AppData\Roaming\npm\node_modules\npm\bin\npm-cli.js
1 info using npm@11.14.1
2 info using node@v22.21.0
3 silly config load:file:C:\Users\Yoho_Lap_4\AppData\Roaming\npm\node_modules\npm\npmrc
4 silly config load:file:D:\.npmrc
5 silly config load:file:C:\Users\Yoho_Lap_4\.npmrc
6 silly config load:file:C:\Users\Yoho_Lap_4\AppData\Roaming\npm\etc\npmrc
7 verbose title npm install
8 verbose argv "install" "--cache" ".npm-cache"
9 verbose logfile logs-max:10 dir:D:\DeliveryTask\.npm-cache\_logs\2026-06-04T09_17_42_737Z-
10 verbose logfile D:\DeliveryTask\.npm-cache\_logs\2026-06-04T09_17_42_737Z-debug-0.log
11 silly logfile done cleaning log files
12 silly packumentCache heap:2197815296 maxSize:549453824 maxEntrySize:274726912
13 verbose stack Error: EPERM: operation not permitted, mkdir 'D:\'
13 verbose stack     at async mkdir (node:internal/fs/promises:860:10)
13 verbose stack     at async Arborist.reify (C:\Users\Yoho_Lap_4\AppData\Roaming\npm\node_modules\npm\node_modules\@npmcli\arborist\lib\arborist\reify.js:106:7)
13 verbose stack     at async Install.exec (C:\Users\Yoho_Lap_4\AppData\Roaming\npm\node_modules\npm\lib\commands\install.js:149:5)
13 verbose stack     at async Npm.exec (C:\Users\Yoho_Lap_4\AppData\Roaming\npm\node_modules\npm\lib\npm.js:193:9)
13 verbose stack     at async module.exports (C:\Users\Yoho_Lap_4\AppData\Roaming\npm\node_modules\npm\lib\cli\entry.js:67:5)
14 error code EPERM
15 error syscall mkdir
16 error path D:\
17 error errno -4048
18 error Error: EPERM: operation not permitted, mkdir 'D:\'
18 error     at async mkdir (node:internal/fs/promises:860:10)
18 error     at async Arborist.reify (C:\Users\Yoho_Lap_4\AppData\Roaming\npm\node_modules\npm\node_modules\@npmcli\arborist\lib\arborist\reify.js:106:7)
18 error     at async Install.exec (C:\Users\Yoho_Lap_4\AppData\Roaming\npm\node_modules\npm\lib\commands\install.js:149:5)
18 error     at async Npm.exec (C:\Users\Yoho_Lap_4\AppData\Roaming\npm\node_modules\npm\lib\npm.js:193:9)
18 error     at async module.exports (C:\Users\Yoho_Lap_4\AppData\Roaming\npm\node_modules\npm\lib\cli\entry.js:67:5) {
18 error   errno: -4048,
18 error   code: 'EPERM',
18 error   syscall: 'mkdir',
18 error   path: 'D:\\'
18 error }
19 error
19 error The operation was rejected by your operating system.
19 error It's possible that the file was already in use (by a text editor or antivirus), or that you lack permissions to access it.
19 error
19 error If you believe this might be a permissions issue, please double-check the permissions of the file and its containing directories, or try running the command again as root/Administrator.
20 silly unfinished npm timer reify 1780564666504
21 verbose cwd D:\DeliveryTask
22 verbose os Windows_NT 10.0.19045
23 verbose node v22.21.0
24 verbose npm  v11.14.1
25 verbose exit -4048
26 verbose code -4048
27 error A complete log of this run can be found in: D:\DeliveryTask\.npm-cache\_logs\2026-06-04T09_17_42_737Z-debug-0.log
